CS240: lab4. cs240 Tue Oct 13 21:53:11 EDT 2015  Total:  9 of 100

CS240: lab4. cs240 Tue Oct 13 21:57:46 EDT 2015  Total:  10 of 100

CS240: lab4. cs240 Tue Oct 13 21:58:16 EDT 2015  Total:  -11 of 79

CS240: lab4. cs240 Tue Oct 13 22:00:08 EDT 2015  Total:  -14 of 64

CS240: lab4. cs240 Tue Oct 13 22:00:41 EDT 2015  Total:  -14 of 64

CS240: lab5. cs240 Tue Oct 13 22:01:11 EDT 2015  Total:  6 of 64

CS240: lab5. arayabha Fri Oct 23 00:06:38 EDT 2015  Total:  6 of 64

CS240: lab5. arayabha Wed Oct 28 19:06:23 EDT 2015  Total:  9 of 64

CS240: lab5. arayabha Wed Oct 28 19:19:27 EDT 2015  Total:  9 of 64

CS240: lab5. arayabha Wed Oct 28 19:19:35 EDT 2015  Total:  9 of 64

CS240: lab5. arayabha Wed Oct 28 19:36:22 EDT 2015  Total:  12 of 64

CS240: lab5. arayabha Wed Oct 28 19:50:00 EDT 2015  Total:  12 of 64

CS240: lab5. arayabha Wed Oct 28 19:50:58 EDT 2015  Total:  15 of 64

CS240: lab5. arayabha Wed Oct 28 19:58:15 EDT 2015  Total:  15 of 64

CS240: lab5. arayabha Wed Oct 28 20:01:42 EDT 2015  Total:  15 of 64

CS240: lab5. arayabha Wed Oct 28 20:03:37 EDT 2015  Total:  15 of 64

CS240: lab5. arayabha Wed Oct 28 20:21:37 EDT 2015  Total:  15 of 64

CS240: lab5. arayabha Wed Oct 28 20:31:49 EDT 2015  Total:  15 of 64

CS240: lab5. arayabha Wed Oct 28 21:06:46 EDT 2015  Total:  18 of 64

CS240: lab5. arayabha Wed Oct 28 21:28:36 EDT 2015  Total:  18 of 64

CS240: lab5. arayabha Wed Oct 28 21:30:02 EDT 2015  Total:  18 of 64

CS240: lab5. arayabha Wed Oct 28 21:30:22 EDT 2015  Total:  18 of 64

CS240: lab5. arayabha Wed Oct 28 21:35:52 EDT 2015  Total:  18 of 64

CS240: lab5. arayabha Wed Oct 28 21:38:33 EDT 2015  Total:  18 of 64

CS240: lab5. arayabha Wed Oct 28 21:40:13 EDT 2015  Total:  18 of 64

CS240: lab5. arayabha Wed Oct 28 21:42:31 EDT 2015  Total:  18 of 64

CS240: lab5. arayabha Wed Oct 28 21:44:12 EDT 2015  Total:  18 of 64

CS240: lab5. arayabha Wed Oct 28 21:45:56 EDT 2015  Total:  21 of 64

CS240: lab5. arayabha Wed Oct 28 21:56:30 EDT 2015  Total:  21 of 64

CS240: lab5. arayabha Wed Oct 28 22:01:39 EDT 2015  Total:  21 of 64

CS240: lab5. arayabha Sat Oct 31 00:20:19 EDT 2015  Total:  21 of 64

CS240: lab5. arayabha Sat Oct 31 00:26:03 EDT 2015  Total:  21 of 64

CS240: lab5. arayabha Sat Oct 31 11:38:40 EDT 2015  Total:  21 of 64

CS240: lab5. arayabha Sat Oct 31 11:47:22 EDT 2015  Total:  21 of 64

CS240: lab5. arayabha Sat Oct 31 11:51:19 EDT 2015  Total:  21 of 64

CS240: lab5. arayabha Sat Oct 31 11:54:04 EDT 2015  Total:  21 of 64

CS240: lab5. arayabha Sat Oct 31 16:36:46 EDT 2015  Total:  21 of 64

CS240: lab5. arayabha Sat Oct 31 17:12:15 EDT 2015  Total:  21 of 64

CS240: lab5. arayabha Sat Oct 31 17:14:31 EDT 2015  Total:  21 of 64

CS240: lab5. arayabha Sat Oct 31 17:16:12 EDT 2015  Total:  21 of 36

CS240: lab5. arayabha Sat Oct 31 17:16:52 EDT 2015  Total:  24 of 36

CS240: lab5. arayabha Sat Oct 31 17:19:18 EDT 2015  Total:  27 of 36

CS240: lab5. arayabha Sat Oct 31 17:24:14 EDT 2015  Total:  27 of 36

CS240: lab5. arayabha Sat Oct 31 17:24:49 EDT 2015  Total:  30 of 36

CS240: lab5. arayabha Sat Oct 31 17:26:20 EDT 2015  Total:  30 of 36

CS240: lab5. arayabha Sat Oct 31 17:30:00 EDT 2015  Total:  30 of 36

CS240: lab5. arayabha Sat Oct 31 17:33:39 EDT 2015  Total:  30 of 36

CS240: lab5. arayabha Sat Oct 31 17:35:13 EDT 2015  Total:  30 of 36

CS240: lab5. arayabha Sat Oct 31 17:48:56 EDT 2015  Total:  30 of 36

CS240: lab5. arayabha Sat Oct 31 17:49:04 EDT 2015  Total:  30 of 36

CS240: lab5. arayabha Sat Oct 31 17:49:28 EDT 2015  Total:  30 of 36

CS240: lab5. arayabha Sat Oct 31 17:50:06 EDT 2015  Total:  33 of 36

CS240: lab5. arayabha Sat Oct 31 17:51:46 EDT 2015  Total:  33 of 36

CS240: lab5. arayabha Sat Oct 31 17:52:08 EDT 2015  Total:  33 of 36

CS240: lab5. arayabha Sat Oct 31 17:55:05 EDT 2015  Total:  36 of 36

CS240: lab5. arayabha Sat Oct 31 17:55:50 EDT 2015  Total:  44 of 64

CS240: lab5. arayabha Tue Nov 10 09:39:52 EST 2015  Total:  64 of 64

CS240: lab5. arayabha Tue Nov 10 09:44:22 EST 2015  Total:  64 of 64

CS240: lab5. arayabha Tue Nov 10 11:43:13 EST 2015  Total:  64 of 64

CS240: lab5. arayabha Sat Dec 12 23:12:28 EST 2015  Total:  64 of 64

CS240: lab5. arayabha Sat Dec 12 23:25:11 EST 2015  Total:  61 of 64

CS240: lab5. arayabha Sat Dec 12 23:25:26 EST 2015  Total:  64 of 64

CS240: lab5. arayabha Sat Dec 12 23:27:16 EST 2015  Total:  61 of 64

CS240: lab5. arayabha Sat Dec 12 23:27:50 EST 2015  Total:  64 of 64

CS240: lab5. arayabha Sat Dec 12 23:46:08 EST 2015  Total:  64 of 64

CS240: lab5. arayabha Sat Dec 12 23:48:24 EST 2015  Total:  64 of 64

CS240: lab5. arayabha Sat Dec 12 23:54:27 EST 2015  Total:  64 of 64

CS240: lab5. arayabha Sun Dec 13 00:29:24 EST 2015  Total:  64 of 64

CS240: lab5. arayabha Sun Dec 13 03:33:48 EST 2015  Total:  64 of 64

CS240: lab5. arayabha Sun Dec 13 15:23:22 EST 2015  Total:  64 of 64

CS240: lab5. arayabha Sun Dec 13 15:38:18 EST 2015  Total:  61 of 64

CS240: lab5. arayabha Sun Dec 13 15:38:34 EST 2015  Total:  64 of 64

CS240: lab5. arayabha Sun Dec 13 15:57:33 EST 2015  Total:  61 of 64

CS240: lab5. arayabha Sun Dec 13 15:58:26 EST 2015  Total:  64 of 64

CS240: lab5. arayabha Sun Dec 13 16:24:19 EST 2015  Total:  61 of 64

CS240: lab5. arayabha Sun Dec 13 16:24:30 EST 2015  Total:  64 of 64

CS240: lab5. arayabha Tue Sep 13 10:21:25 EDT 2016  Total:  64 of 64

CS240: lab5. arayabha Sun Nov 6 17:29:36 EST 2016  Total:  64 of 64

